
RAxML-NG v. 0.9.0 released on 20.05.2019 by The Exelixis Lab.
Developed by: Alexey M. Kozlov and Alexandros Stamatakis.
Contributors: Diego Darriba, Tomas Flouri, Benoit Morel, Sarah Lutteropp, Ben Bettisworth.
Latest version: https://github.com/amkozlov/raxml-ng
Questions/problems/suggestions? Please visit: https://groups.google.com/forum/#!forum/raxml

RAxML-NG was called at 02-May-2021 11:57:01 as follows:

raxml-ng --support --tree BCB546.raxml.bestTree --bs-trees BCB546.raxml.bootstraps --prefix BCB546.sup --threads 2

Analysis options:
  run mode: Compute bipartition support (Felsenstein Bootstrap)
  start tree(s): user
  random seed: 1619974621
  SIMD kernels: AVX2
  parallelization: PTHREADS (2 threads), thread pinning: OFF

Reading reference tree from file: BCB546.raxml.bestTree
Reference tree size: 85

Reading bootstrap trees from file: BCB546.raxml.bootstraps
Loaded 600 trees with 85 taxa.

Best ML tree with Felsenstein bootstrap (FBP) support values saved to: /work/LAS/dlavrov-lab/dlavrov-lab/mudith/BCB546_final_project/phylo_analysis/BCB546.sup.raxml.support

Execution log saved to: /work/LAS/dlavrov-lab/dlavrov-lab/mudith/BCB546_final_project/phylo_analysis/BCB546.sup.raxml.log

Analysis started: 02-May-2021 11:57:01 / finished: 02-May-2021 11:57:01

Elapsed time: 0.092 seconds

